<?xml version="1.0" encoding="UTF-8"?>
<!-- Generated by org.testng.reporters.JUnitReportReporter -->
<testsuite hostname="Sudiptas-MacBook-Air.local" failures="0" tests="2" name="com.careerhack.runners.TestRunner" time="16.642" errors="0" timestamp="2022-08-20T17:52:27 EDT" skipped="0">
  <testcase classname="com.careerhack.runners.TestRunner" name="runScenario" time="8.602"/>
  <system-out/>
  <testcase classname="com.careerhack.runners.TestRunner" name="runScenario" time="8.040"/>
  <system-out/>
</testsuite> <!-- com.careerhack.runners.TestRunner -->
